#
# A fatal error has been detected by the Java Runtime Environment:
#
#  EXCEPTION_ACCESS_VIOLATION (0xc0000005) at pc=0x00007ffedd2f3611, pid=21488, tid=2424
#
# JRE version: OpenJDK Runtime Environment Temurin-17.0.10+7 (17.0.10+7) (build 17.0.10+7)
# Java VM: OpenJDK 64-Bit Server VM Temurin-17.0.10+7 (17.0.10+7, mixed mode, tiered, compressed oops, compressed class ptrs, parallel gc, windows-amd64)
# Problematic frame:
# V  [jvm.dll+0x6b3611]
#
# No core dump will be written. Minidumps are not enabled by default on client versions of Windows
#
# If you would like to submit a bug report, please visit:
#   https://github.com/adoptium/adoptium-support/issues
#

---------------  S U M M A R Y ------------

Command Line: --add-modules=ALL-SYSTEM --add-opens=java.base/java.util=ALL-UNNAMED --add-opens=java.base/java.lang=ALL-UNNAMED --add-opens=java.base/sun.nio.fs=ALL-UNNAMED -Declipse.application=org.eclipse.jdt.ls.core.id1 -Dosgi.bundles.defaultStartLevel=4 -Declipse.product=org.eclipse.jdt.ls.core.product -Djava.import.generatesMetadataFilesAtProjectRoot=false -DDetectVMInstallationsJob.disabled=true -Dfile.encoding=utf8 -XX:+UseParallelGC -XX:GCTimeRatio=4 -XX:AdaptiveSizePolicyWeight=90 -Dsun.zip.disableMemoryMapping=true -Xmx1G -Xms100m -Xlog:disable -javaagent:c:\Users\milli\.vscode\extensions\redhat.java-1.28.1-win32-x64\lombok\lombok-1.18.31.jar -XX:+HeapDumpOnOutOfMemoryError -XX:HeapDumpPath=c:\Users\milli\AppData\Roaming\Code\User\workspaceStorage\26c5a6e2858fb33b98fecaad0334208c\redhat.java -Daether.dependencyCollector.impl=bf c:\Users\milli\.vscode\extensions\redhat.java-1.28.1-win32-x64\server\plugins\org.eclipse.equinox.launcher_1.6.700.v20231214-2017.jar -configuration c:\Users\milli\AppData\Roaming\Code\User\globalStorage\redhat.java\1.28.1\config_win -data c:\Users\milli\AppData\Roaming\Code\User\workspaceStorage\26c5a6e2858fb33b98fecaad0334208c\redhat.java\jdt_ws --stdio

Host: AMD Ryzen 9 7950X3D 16-Core Processor          , 32 cores, 31G,  Windows 10 , 64 bit Build 19041 (10.0.19041.3636)
Time: Thu Feb 15 22:49:59 2024 Eastern Standard Time elapsed time: 7410.654708 seconds (0d 2h 3m 30s)

---------------  T H R E A D  ---------------

Current thread (0x000002a5ff8464b0):  GCTaskThread "GC Thread#20" [stack: 0x000000f147f00000,0x000000f148000000] [id=2424]

Stack: [0x000000f147f00000,0x000000f148000000],  sp=0x000000f147fff6c0,  free space=1021k
Native frames: (J=compiled Java code, j=interpreted, Vv=VM code, C=native code)
V  [jvm.dll+0x6b3611]
V  [jvm.dll+0x6b0048]
V  [jvm.dll+0x65557e]
V  [jvm.dll+0x387eea]
V  [jvm.dll+0x2037dc]
V  [jvm.dll+0x6ba096]
V  [jvm.dll+0x86226b]
V  [jvm.dll+0x8622b6]
V  [jvm.dll+0x7e3fba]
V  [jvm.dll+0x67c1b5]
C  [ucrtbase.dll+0x21bb2]
C  [KERNEL32.DLL+0x17344]
C  [ntdll.dll+0x526b1]


siginfo: EXCEPTION_ACCESS_VIOLATION (0xc0000005), reading address 0xffffffffffffffff


Registers:
RAX=0x000002a5ed370000, RBX=0x000002a5817edb62, RCX=0x00007ffedd7dd810, RDX=0x6ab0f4f405c7c5ba
RSP=0x000000f147fff6c0, RBP=0x6ab0f4f405c7c5ba, RSI=0x000000f147fff8d8, RDI=0x0000000000010000
R8 =0x000002a5f41c3420, R9 =0x000042ae99180b98, R10=0x000002a5f41c3420, R11=0x0000000000000000
R12=0x0000000000001000, R13=0x00007ffedd7dd810, R14=0x00007ffedd581928, R15=0x0000000000000000
RIP=0x00007ffedd2f3611, EFLAGS=0x0000000000010217


Register to memory mapping:

RIP=0x00007ffedd2f3611 jvm.dll
RAX=0x000002a5ed370000 points into unknown readable memory: 0x00000000c0000000 | 00 00 00 c0 00 00 00 00
RBX=0x000002a5817edb62 is at entry_point+546 in (nmethod*)0x000002a5817ed790
Compiled method (c1) 7410666 26818       3       org.eclipse.jdt.internal.corext.refactoring.code.flow.EnhancedForFlowInfo::mergeParameter (12 bytes)
 total in heap  [0x000002a5817ed790,0x000002a5817edbe8] = 1112
 relocation     [0x000002a5817ed8e8,0x000002a5817ed930] = 72
 main code      [0x000002a5817ed940,0x000002a5817edb20] = 480
 stub code      [0x000002a5817edb20,0x000002a5817edb68] = 72
 oops           [0x000002a5817edb68,0x000002a5817edb70] = 8
 metadata       [0x000002a5817edb70,0x000002a5817edb80] = 16
 scopes data    [0x000002a5817edb80,0x000002a5817edba0] = 32
 scopes pcs     [0x000002a5817edba0,0x000002a5817edbe0] = 64
 dependencies   [0x000002a5817edbe0,0x000002a5817edbe8] = 8
RCX=0x00007ffedd7dd810 jvm.dll
RDX=0x6ab0f4f405c7c5ba is an unknown value
RSP=0x000000f147fff6c0 points into unknown readable memory: 0x0000000000000000 | 00 00 00 00 00 00 00 00
RBP=0x6ab0f4f405c7c5ba is an unknown value
RSI=0x000000f147fff8d8 points into unknown readable memory: 0x00007ffedd5f18e8 | e8 18 5f dd fe 7f 00 00
RDI=0x0000000000010000 is an unknown value
R8 =0x000002a5f41c3420 points into unknown readable memory: 0x000002a5ef4642a0 | a0 42 46 ef a5 02 00 00
R9 =0x000042ae99180b98 is an unknown value
R10=0x000002a5f41c3420 points into unknown readable memory: 0x000002a5ef4642a0 | a0 42 46 ef a5 02 00 00
R11=0x0 is NULL
R12=0x0000000000001000 is an unknown value
R13=0x00007ffedd7dd810 jvm.dll
R14=0x00007ffedd581928 jvm.dll
R15=0x0 is NULL


Top of Stack: (sp=0x000000f147fff6c0)
0x000000f147fff6c0:   0000000000000000 00007ffedd301323
0x000000f147fff6d0:   000000f1482ffa70 000000f147fff6e8
0x000000f147fff6e0:   0000000000000000 00007ffedce42ee9
0x000000f147fff6f0:   000002a589a62cb6 00000000c09b8ff8
0x000000f147fff700:   0000000000000000 00007ffedd581928
0x000000f147fff710:   0000000000000004 6ab0f4f405c7c5ba
0x000000f147fff720:   000000000000f000 00007ffedd2f0048
0x000000f147fff730:   000002a5817ed790 000000f147fff7f0
0x000000f147fff740:   000002a5f41c3420 0000000000000000
0x000000f147fff750:   000002a5817ed790 00007ffedd29557e
0x000000f147fff760:   00007ffedd5f18e8 00007ffedd5f18e8
0x000000f147fff770:   000000f147fff8d8 000002a5817ece30
0x000000f147fff780:   0000000000000000 000002a5817ed92c
0x000000f147fff790:   000002a5817ed930 000002a5817ed790
0x000000f147fff7a0:   000002a5817edb61 0000000000000045
0x000000f147fff7b0:   000002a5817ed924 000002a5817e0000
0x000000f147fff7c0:   000002a5817ed940 000002a5817ed940
0x000000f147fff7d0:   000002a5817edb20 000002a5817ed940
0x000000f147fff7e0:   000002a5817edb20 000002a5817edb68
0x000000f147fff7f0:   00007ffedd581928 000000f147fff780
0x000000f147fff800:   000000f100000001 0000000000000000
0x000000f147fff810:   0000000000000000 0000000000000008
0x000000f147fff820:   0000000000000000 0000000000000008
0x000000f147fff830:   0000000000000000 00007ffedcfc7eea
0x000000f147fff840:   000002a5817ed790 000002a5ed162a60
0x000000f147fff850:   000000f147fff938 000002a5817ed790
0x000000f147fff860:   000000f147fff938 00007ffedce437dc
0x000000f147fff870:   000002a5817ed790 0000000000000001
0x000000f147fff880:   000000114115c563 0000000000000000
0x000000f147fff890:   000000f142afef90 00007ffedd2fa096
0x000000f147fff8a0:   000000000000000f 0000000000000000
0x000000f147fff8b0:   000000f147fff979 000000f142aff1c8 

Instructions: (pc=0x00007ffedd2f3611)
0x00007ffedd2f3511:   9b 9c fb ff 48 8d 8d c8 02 00 00 e8 8f 9c fb ff
0x00007ffedd2f3521:   48 8d 8d 98 02 00 00 e8 83 9c fb ff 48 8d 8d 68
0x00007ffedd2f3531:   02 00 00 e8 77 9c fb ff 48 8d 4d f8 e8 3e 6b c2
0x00007ffedd2f3541:   ff 48 8d 4d e8 e8 35 e9 1a 00 48 83 7d a0 00 75
0x00007ffedd2f3551:   0e 48 83 7d a8 00 75 07 48 83 7d b0 00 74 5a 48
0x00007ffedd2f3561:   8d 4c 24 20 e8 e6 f1 13 00 48 8b 4d a0 0f 10 30
0x00007ffedd2f3571:   48 85 c9 74 10 48 8b 01 48 8d 54 24 20 0f 29 74
0x00007ffedd2f3581:   24 20 ff 50 08 48 8b 4d a8 48 85 c9 74 11 48 8b
0x00007ffedd2f3591:   01 48 8d 54 24 20 66 0f 7f 74 24 20 ff 50 08 48
0x00007ffedd2f35a1:   8b 4d b0 48 85 c9 74 11 48 8b 01 48 8d 54 24 20
0x00007ffedd2f35b1:   66 0f 7f 74 24 20 ff 50 08 4c 8d 9c 24 80 04 00
0x00007ffedd2f35c1:   00 49 8b 5b 10 49 8b 7b 18 41 0f 28 73 f0 49 8b
0x00007ffedd2f35d1:   e3 5d c3 cc cc cc cc cc cc cc cc cc cc cc cc 4c
0x00007ffedd2f35e1:   89 44 24 18 55 57 41 55 41 56 41 57 48 83 ec 40
0x00007ffedd2f35f1:   48 8b c2 bf 00 00 01 00 48 2b 01 4d 8b d0 48 c1
0x00007ffedd2f3601:   e8 13 48 8b ea 4c 8b e9 4c 8d 0c 80 48 8b 41 18
0x00007ffedd2f3611:   4e 8b 34 c8 4e 8d 3c c8 46 8b 4c c8 1c 41 8b 47
0x00007ffedd2f3621:   18 41 81 e1 ff ff ff 07 4c 03 c8 4c 89 bc 24 88
0x00007ffedd2f3631:   00 00 00 4c 89 74 24 70 4c 3b cf 75 18 48 c1 ed
0x00007ffedd2f3641:   03 0f b7 c5 49 8d 04 c6 48 83 c4 40 41 5f 41 5e
0x00007ffedd2f3651:   41 5d 5f 5d c3 41 0f b6 47 20 90 48 89 5c 24 38
0x00007ffedd2f3661:   84 c0 0f 85 13 01 00 00 48 2b 11 48 8b 05 b5 a1
0x00007ffedd2f3671:   4e 00 48 c1 ea 13 48 89 74 24 30 48 8d 0c 92 8b
0x00007ffedd2f3681:   74 c8 18 48 3b f7 0f 83 e4 00 00 00 48 63 0d a4
0x00007ffedd2f3691:   4b 46 00 41 b8 07 00 00 00 4c 8b 35 a7 a1 4e 00
0x00007ffedd2f36a1:   4c 2b c1 48 c1 e2 10 48 d3 ea 48 d3 ef 48 03 fa
0x00007ffedd2f36b1:   48 d3 ee 4c 89 44 24 78 48 8d 0d 20 a1 4e 00 4c
0x00007ffedd2f36c1:   8b c7 48 03 d6 e8 65 38 fd ff 48 8b d8 48 3b c7
0x00007ffedd2f36d1:   0f 83 8d 00 00 00 4c 8b 7c 24 78 4c 89 64 24 28
0x00007ffedd2f36e1:   4c 8d 67 ff 66 66 66 0f 1f 84 00 00 00 00 00 48
0x00007ffedd2f36f1:   8b d3 49 8b cf 48 d3 ea 49 3b d6 74 1b 8b 0d 34
0x00007ffedd2f3701:   4b 46 00 4c 8b c6 48 8b 05 32 a1 4e 00 4c 8b f2 


Stack slot to memory mapping:
stack at sp + 0 slots: 0x0 is NULL
stack at sp + 1 slots: 0x00007ffedd301323 jvm.dll
stack at sp + 2 slots: 0x000000f1482ffa70 points into unknown readable memory: 0x0000c1490c7144d2 | d2 44 71 0c 49 c1 00 00
stack at sp + 3 slots: 0x000000f147fff6e8 points into unknown readable memory: 0x00007ffedce42ee9 | e9 2e e4 dc fe 7f 00 00
stack at sp + 4 slots: 0x0 is NULL
stack at sp + 5 slots: 0x00007ffedce42ee9 jvm.dll
stack at sp + 6 slots: 0x000002a589a62cb6 is at entry_point+8054 in (nmethod*)0x000002a589a60810
Compiled method (c2) 7410703 31920       4       org.eclipse.jdt.core.dom.ASTParser::internalCreateASTForKind (852 bytes)
 total in heap  [0x000002a589a60810,0x000002a589a67df8] = 30184
 relocation     [0x000002a589a60968,0x000002a589a60d38] = 976
 main code      [0x000002a589a60d40,0x000002a589a65140] = 17408
 stub code      [0x000002a589a65140,0x000002a589a652f8] = 440
 oops           [0x000002a589a652f8,0x000002a589a65360] = 104
 metadata       [0x000002a589a65360,0x000002a589a65718] = 952
 scopes data    [0x000002a589a65718,0x000002a589a66e00] = 5864
 scopes pcs     [0x000002a589a66e00,0x000002a589a67710] = 2320
 dependencies   [0x000002a589a67710,0x000002a589a67820] = 272
 handler table  [0x000002a589a67820,0x000002a589a67d00] = 1248
 nul chk table  [0x000002a589a67d00,0x000002a589a67df8] = 248
stack at sp + 7 slots: 0x00000000c09b8ff8 is an oop: java.lang.String 
{0x00000000c09b8ff8} - klass: 'java/lang/String'
 - string: "tolerateIllegalAmbiguousVarargsInvocation"


---------------  P R O C E S S  ---------------

Threads class SMR info:
_java_thread_list=0x000002a593dcb280, length=63, elements={
0x000002a5ef3b1620, 0x000002a5ef4658b0, 0x000002a5f977a130, 0x000002a5f424e530,
0x000002a5f97bb210, 0x000002a5f97bc570, 0x000002a5f97bd8d0, 0x000002a5f97c6a20,
0x000002a5f97c7c70, 0x000002a5f97c8e50, 0x000002a5f98f4d70, 0x000002a5fd68d5b0,
0x000002a5fded56d0, 0x000002a5fded5be0, 0x000002a5fded4290, 0x000002a5fded47a0,
0x000002a5fe6c1280, 0x000002a5fe6c81e0, 0x000002a5fe6c4f40, 0x000002a5901d47f0,
0x000002a5901ce7c0, 0x000002a5901cfc00, 0x000002a5901d1f70, 0x000002a5901d4d00,
0x000002a5fe6c6da0, 0x000002a5fe6c7cd0, 0x000002a5fe6c1ca0, 0x000002a5fe6c5e70,
0x000002a5fe6c4010, 0x000002a5fe6c72b0, 0x000002a5fe6c5450, 0x000002a5fe6c77c0,
0x000002a5938e0810, 0x000002a5938e35a0, 0x000002a5938e2160, 0x000002a5938e1230,
0x000002a5938e2670, 0x000002a5938df3d0, 0x000002a5938dda80, 0x000002a5938dfdf0,
0x000002a5938e3fc0, 0x000002a5938ddf90, 0x000002a5938deec0, 0x000002a5938e44d0,
0x000002a5901d33b0, 0x000002a59d7bcd70, 0x000002a59d7baf10, 0x000002a5fded6b10,
0x000002a592976590, 0x000002a592974730, 0x000002a592974c40, 0x000002a592975b70,
0x000002a592976080, 0x000002a59297a760, 0x000002a592973d10, 0x000002a592978900,
0x000002a592975150, 0x000002a592979320, 0x000002a59297a250, 0x000002a592976aa0,
0x000002a592976fb0, 0x000002a592973800, 0x000002a592978e10
}

Java Threads: ( => current thread )
  0x000002a5ef3b1620 JavaThread "main" [_thread_blocked, id=17028, stack(0x000000f142800000,0x000000f142900000)]
  0x000002a5ef4658b0 JavaThread "Reference Handler" daemon [_thread_blocked, id=18692, stack(0x000000f142b00000,0x000000f142c00000)]
  0x000002a5f977a130 JavaThread "Finalizer" daemon [_thread_blocked, id=12188, stack(0x000000f142c00000,0x000000f142d00000)]
  0x000002a5f424e530 JavaThread "Signal Dispatcher" daemon [_thread_blocked, id=8444, stack(0x000000f142d00000,0x000000f142e00000)]
  0x000002a5f97bb210 JavaThread "Attach Listener" daemon [_thread_blocked, id=23172, stack(0x000000f142e00000,0x000000f142f00000)]
  0x000002a5f97bc570 JavaThread "Service Thread" daemon [_thread_blocked, id=14440, stack(0x000000f142f00000,0x000000f143000000)]
  0x000002a5f97bd8d0 JavaThread "Monitor Deflation Thread" daemon [_thread_blocked, id=28396, stack(0x000000f143000000,0x000000f143100000)]
  0x000002a5f97c6a20 JavaThread "C2 CompilerThread0" daemon [_thread_blocked, id=26172, stack(0x000000f143100000,0x000000f143200000)]
  0x000002a5f97c7c70 JavaThread "C1 CompilerThread0" daemon [_thread_blocked, id=11604, stack(0x000000f143200000,0x000000f143300000)]
  0x000002a5f97c8e50 JavaThread "Sweeper thread" daemon [_thread_blocked, id=16212, stack(0x000000f143300000,0x000000f143400000)]
  0x000002a5f98f4d70 JavaThread "Common-Cleaner" daemon [_thread_blocked, id=5216, stack(0x000000f143400000,0x000000f143500000)]
  0x000002a5fd68d5b0 JavaThread "Notification Thread" daemon [_thread_blocked, id=15528, stack(0x000000f143b00000,0x000000f143c00000)]
  0x000002a5fded56d0 JavaThread "Active Thread: Equinox Container: b64e91fe-f0e0-4701-8695-6d122534645b" [_thread_blocked, id=452, stack(0x000000f144a00000,0x000000f144b00000)]
  0x000002a5fded5be0 JavaThread "Framework Event Dispatcher: Equinox Container: b64e91fe-f0e0-4701-8695-6d122534645b" daemon [_thread_blocked, id=9232, stack(0x000000f143700000,0x000000f143800000)]
  0x000002a5fded4290 JavaThread "Start Level: Equinox Container: b64e91fe-f0e0-4701-8695-6d122534645b" daemon [_thread_blocked, id=17044, stack(0x000000f143800000,0x000000f143900000)]
  0x000002a5fded47a0 JavaThread "Refresh Thread: Equinox Container: b64e91fe-f0e0-4701-8695-6d122534645b" daemon [_thread_blocked, id=7092, stack(0x000000f144d00000,0x000000f144e00000)]
  0x000002a5fe6c1280 JavaThread "Bundle File Closer" daemon [_thread_blocked, id=15328, stack(0x000000f146800000,0x000000f146900000)]
  0x000002a5fe6c81e0 JavaThread "SCR Component Actor" daemon [_thread_blocked, id=19728, stack(0x000000f143d00000,0x000000f143e00000)]
  0x000002a5fe6c4f40 JavaThread "Worker-JM" [_thread_blocked, id=1476, stack(0x000000f146e00000,0x000000f146f00000)]
  0x000002a5901d47f0 JavaThread "Java indexing" daemon [_thread_blocked, id=8472, stack(0x000000f147600000,0x000000f147700000)]
  0x000002a5901ce7c0 JavaThread "JNA Cleaner" daemon [_thread_blocked, id=1124, stack(0x000000f147c00000,0x000000f147d00000)]
  0x000002a5901cfc00 JavaThread "pool-2-thread-1" [_thread_blocked, id=18744, stack(0x000000f147d00000,0x000000f147e00000)]
  0x000002a5901d1f70 JavaThread "WorkspaceEventsHandler" [_thread_blocked, id=19184, stack(0x000000f148000000,0x000000f148100000)]
  0x000002a5901d4d00 JavaThread "pool-1-thread-1" [_thread_in_native, id=28516, stack(0x000000f148100000,0x000000f148200000)]
  0x000002a5fe6c6da0 JavaThread "Java Debug Server" daemon [_thread_in_native, id=16916, stack(0x000000f144e00000,0x000000f144f00000)]
  0x000002a5fe6c7cd0 JavaThread "RxSchedulerPurge-1" daemon [_thread_blocked, id=17064, stack(0x000000f145600000,0x000000f145700000)]
  0x000002a5fe6c1ca0 JavaThread "RxCachedWorkerPoolEvictor-1" daemon [_thread_blocked, id=23896, stack(0x000000f145700000,0x000000f145800000)]
  0x000002a5fe6c5e70 JavaThread "ForkJoinPool.commonPool-worker-32" daemon [_thread_blocked, id=29052, stack(0x000000f142500000,0x000000f142600000)]
  0x000002a5fe6c4010 JavaThread "ForkJoinPool.commonPool-worker-34" daemon [_thread_blocked, id=6028, stack(0x000000f143500000,0x000000f143600000)]
  0x000002a5fe6c72b0 JavaThread "ForkJoinPool.commonPool-worker-36" daemon [_thread_blocked, id=8380, stack(0x000000f143900000,0x000000f143a00000)]
  0x000002a5fe6c5450 JavaThread "ForkJoinPool.commonPool-worker-37" daemon [_thread_blocked, id=6476, stack(0x000000f143a00000,0x000000f143b00000)]
  0x000002a5fe6c77c0 JavaThread "ForkJoinPool.commonPool-worker-38" daemon [_thread_blocked, id=10572, stack(0x000000f143e00000,0x000000f143f00000)]
  0x000002a5938e0810 JavaThread "ForkJoinPool.commonPool-worker-41" daemon [_thread_blocked, id=11400, stack(0x000000f142600000,0x000000f142700000)]
  0x000002a5938e35a0 JavaThread "ForkJoinPool.commonPool-worker-42" daemon [_thread_blocked, id=25276, stack(0x000000f144400000,0x000000f144500000)]
  0x000002a5938e2160 JavaThread "ForkJoinPool.commonPool-worker-43" daemon [_thread_blocked, id=3412, stack(0x000000f144700000,0x000000f144800000)]
  0x000002a5938e1230 JavaThread "ForkJoinPool.commonPool-worker-44" daemon [_thread_blocked, id=11584, stack(0x000000f144800000,0x000000f144900000)]
  0x000002a5938e2670 JavaThread "ForkJoinPool.commonPool-worker-45" daemon [_thread_blocked, id=22756, stack(0x000000f144900000,0x000000f144a00000)]
  0x000002a5938df3d0 JavaThread "ForkJoinPool.commonPool-worker-46" daemon [_thread_blocked, id=20448, stack(0x000000f144f00000,0x000000f145000000)]
  0x000002a5938dda80 JavaThread "ForkJoinPool.commonPool-worker-47" daemon [_thread_blocked, id=28708, stack(0x000000f144500000,0x000000f144600000)]
  0x000002a5938dfdf0 JavaThread "ForkJoinPool.commonPool-worker-48" daemon [_thread_blocked, id=10872, stack(0x000000f145000000,0x000000f145100000)]
  0x000002a5938e3fc0 JavaThread "ForkJoinPool.commonPool-worker-49" daemon [_thread_blocked, id=6108, stack(0x000000f145100000,0x000000f145200000)]
  0x000002a5938ddf90 JavaThread "ForkJoinPool.commonPool-worker-50" daemon [_thread_blocked, id=17532, stack(0x000000f145200000,0x000000f145300000)]
  0x000002a5938deec0 JavaThread "ForkJoinPool.commonPool-worker-51" daemon [_thread_blocked, id=18608, stack(0x000000f145300000,0x000000f145400000)]
  0x000002a5938e44d0 JavaThread "ForkJoinPool.commonPool-worker-52" daemon [_thread_blocked, id=16428, stack(0x000000f145500000,0x000000f145600000)]
  0x000002a5901d33b0 JavaThread "ForkJoinPool.commonPool-worker-54" daemon [_thread_blocked, id=23056, stack(0x000000f145e00000,0x000000f145f00000)]
  0x000002a59d7bcd70 JavaThread "ForkJoinPool.commonPool-worker-66" daemon [_thread_blocked, id=29412, stack(0x000000f142700000,0x000000f142800000)]
  0x000002a59d7baf10 JavaThread "ForkJoinPool.commonPool-worker-67" daemon [_thread_blocked, id=17492, stack(0x000000f143600000,0x000000f143700000)]
  0x000002a5fded6b10 JavaThread "Worker-13" [_thread_blocked, id=16580, stack(0x000000f146100000,0x000000f146200000)]
  0x000002a592976590 JavaThread "Worker-16" [_thread_blocked, id=15080, stack(0x000000f146600000,0x000000f146700000)]
  0x000002a592974730 JavaThread "ForkJoinPool.commonPool-worker-78" daemon [_thread_blocked, id=17072, stack(0x000000f144600000,0x000000f144700000)]
  0x000002a592974c40 JavaThread "ForkJoinPool.commonPool-worker-79" daemon [_thread_blocked, id=8928, stack(0x000000f145400000,0x000000f145500000)]
  0x000002a592975b70 JavaThread "ForkJoinPool.commonPool-worker-80" daemon [_thread_blocked, id=18388, stack(0x000000f145800000,0x000000f145900000)]
  0x000002a592976080 JavaThread "ForkJoinPool.commonPool-worker-81" daemon [_thread_blocked, id=20496, stack(0x000000f145a00000,0x000000f145b00000)]
  0x000002a59297a760 JavaThread "ForkJoinPool.commonPool-worker-82" daemon [_thread_blocked, id=29572, stack(0x000000f145b00000,0x000000f145c00000)]
  0x000002a592973d10 JavaThread "ForkJoinPool.commonPool-worker-83" daemon [_thread_blocked, id=2860, stack(0x000000f145c00000,0x000000f145d00000)]
  0x000002a592978900 JavaThread "ForkJoinPool.commonPool-worker-84" daemon [_thread_blocked, id=20924, stack(0x000000f145d00000,0x000000f145e00000)]
  0x000002a592975150 JavaThread "ForkJoinPool.commonPool-worker-85" daemon [_thread_blocked, id=5036, stack(0x000000f145f00000,0x000000f146000000)]
  0x000002a592979320 JavaThread "ForkJoinPool.commonPool-worker-86" daemon [_thread_blocked, id=4628, stack(0x000000f146000000,0x000000f146100000)]
  0x000002a59297a250 JavaThread "ForkJoinPool.commonPool-worker-87" daemon [_thread_blocked, id=20292, stack(0x000000f146200000,0x000000f146300000)]
  0x000002a592976aa0 JavaThread "ForkJoinPool.commonPool-worker-88" daemon [_thread_blocked, id=20808, stack(0x000000f146300000,0x000000f146400000)]
  0x000002a592976fb0 JavaThread "Worker-17" [_thread_blocked, id=30712, stack(0x000000f146400000,0x000000f146500000)]
  0x000002a592973800 JavaThread "Worker-18" [_thread_blocked, id=21712, stack(0x000000f146500000,0x000000f146600000)]
  0x000002a592978e10 JavaThread "Worker-19" [_thread_blocked, id=17876, stack(0x000000f146700000,0x000000f146800000)]

Other Threads:
  0x000002a5ef43a250 VMThread "VM Thread" [stack: 0x000000f142a00000,0x000000f142b00000] [id=17420]
  0x000002a5fd73e3b0 WatcherThread [stack: 0x000000f143c00000,0x000000f143d00000] [id=17596]
  0x000002a5ef3beb70 GCTaskThread "GC Thread#0" [stack: 0x000000f142900000,0x000000f142a00000] [id=5924]
  0x000002a5fe0a7900 GCTaskThread "GC Thread#1" [stack: 0x000000f143f00000,0x000000f144000000] [id=29644]
  0x000002a5fe05f3f0 GCTaskThread "GC Thread#2" [stack: 0x000000f144000000,0x000000f144100000] [id=18752]
  0x000002a5fe05f6b0 GCTaskThread "GC Thread#3" [stack: 0x000000f144100000,0x000000f144200000] [id=24116]
  0x000002a5fe05f970 GCTaskThread "GC Thread#4" [stack: 0x000000f144200000,0x000000f144300000] [id=7352]
  0x000002a5fdf68540 GCTaskThread "GC Thread#5" [stack: 0x000000f144300000,0x000000f144400000] [id=22184]
  0x000002a5fe0f14b0 GCTaskThread "GC Thread#6" [stack: 0x000000f144b00000,0x000000f144c00000] [id=17468]
  0x000002a5fe0f1770 GCTaskThread "GC Thread#7" [stack: 0x000000f144c00000,0x000000f144d00000] [id=18336]
  0x000002a5ff065570 GCTaskThread "GC Thread#8" [stack: 0x000000f146a00000,0x000000f146b00000] [id=21140]
  0x000002a5ff6769e0 GCTaskThread "GC Thread#9" [stack: 0x000000f146b00000,0x000000f146c00000] [id=21436]
  0x000002a5fe5b0b20 GCTaskThread "GC Thread#10" [stack: 0x000000f146d00000,0x000000f146e00000] [id=20700]
  0x000002a5fe374e60 GCTaskThread "GC Thread#11" [stack: 0x000000f147100000,0x000000f147200000] [id=17812]
  0x000002a5ff846cf0 GCTaskThread "GC Thread#12" [stack: 0x000000f147200000,0x000000f147300000] [id=27212]
  0x000002a5ff8461f0 GCTaskThread "GC Thread#13" [stack: 0x000000f147300000,0x000000f147400000] [id=15452]
  0x000002a5ff8477f0 GCTaskThread "GC Thread#14" [stack: 0x000000f147400000,0x000000f147500000] [id=28232]
  0x000002a5ff845c70 GCTaskThread "GC Thread#15" [stack: 0x000000f147500000,0x000000f147600000] [id=24436]
  0x000002a5ff846770 GCTaskThread "GC Thread#16" [stack: 0x000000f147900000,0x000000f147a00000] [id=22788]
  0x000002a5ff846fb0 GCTaskThread "GC Thread#17" [stack: 0x000000f147a00000,0x000000f147b00000] [id=22600]
  0x000002a5ff846a30 GCTaskThread "GC Thread#18" [stack: 0x000000f147b00000,0x000000f147c00000] [id=18392]
  0x000002a5ff847270 GCTaskThread "GC Thread#19" [stack: 0x000000f147e00000,0x000000f147f00000] [id=16664]
=>0x000002a5ff8464b0 GCTaskThread "GC Thread#20" [stack: 0x000000f147f00000,0x000000f148000000] [id=2424]
  0x000002a5909cf830 GCTaskThread "GC Thread#21" [stack: 0x000000f148200000,0x000000f148300000] [id=15884]
  0x000002a5909ce230 GCTaskThread "GC Thread#22" [stack: 0x000000f148300000,0x000000f148400000] [id=13908]

Threads with active compile tasks:

VM state: at safepoint (normal execution)

VM Mutex/Monitor currently owned by a thread:  ([mutex/lock_event])
[0x000002a5ef3abec0] Threads_lock - owner thread: 0x000002a5ef43a250
[0x000002a5ef3adc50] Heap_lock - owner thread: 0x000002a5901d47f0

Heap address: 0x00000000c0000000, size: 1024 MB, Compressed Oops mode: 32-bit

CDS archive(s) not mapped
Compressed class space mapped at: 0x0000000100000000-0x0000000140000000, reserved size: 1073741824
Narrow klass base: 0x0000000000000000, Narrow klass shift: 3, Narrow klass range: 0x140000000

GC Precious Log:
 CPUs: 32 total, 32 available
 Memory: 31894M
 Large Page Support: Disabled
 NUMA Support: Disabled
 Compressed Oops: Enabled (32-bit)
 Alignments: Space 512K, Generation 512K, Heap 2M
 Heap Min Capacity: 100M
 Heap Initial Capacity: 100M
 Heap Max Capacity: 1G
 Pre-touch: Disabled
 Parallel Workers: 23

Heap:
 PSYoungGen      total 4096K, used 2048K [0x00000000eab00000, 0x00000000eb680000, 0x0000000100000000)
  eden space 2048K, 0% used [0x00000000eab00000,0x00000000eab00000,0x00000000ead00000)
  from space 2048K, 100% used [0x00000000ead00000,0x00000000eaf00000,0x00000000eaf00000)
  to   space 4608K, 0% used [0x00000000eb200000,0x00000000eb200000,0x00000000eb680000)
 ParOldGen       total 118272K, used 117537K [0x00000000c0000000, 0x00000000c7380000, 0x00000000eab00000)
  object space 118272K, 99% used [0x00000000c0000000,0x00000000c72c85d0,0x00000000c7380000)
 Metaspace       used 103789K, committed 104960K, reserved 1179648K
  class space    used 10290K, committed 10880K, reserved 1048576K

Card table byte_map: [0x000002a5eed50000,0x000002a5eef60000] _byte_map_base: 0x000002a5ee750000

Marking Bits: (ParMarkBitMap*) 0x00007ffedd7dd7d0
 Begin Bits: [0x000002a5f2050000, 0x000002a5f3050000)
 End Bits:   [0x000002a5f3050000, 0x000002a5f4050000)

Polling page: 0x000002a5ed340000

Metaspace:

Usage:
  Non-class:     91.31 MB used.
      Class:     10.05 MB used.
       Both:    101.36 MB used.

Virtual space:
  Non-class space:      128.00 MB reserved,      91.88 MB ( 72%) committed,  2 nodes.
      Class space:        1.00 GB reserved,      10.62 MB (  1%) committed,  1 nodes.
             Both:        1.12 GB reserved,     102.50 MB (  9%) committed. 

Chunk freelists:
   Non-Class:  3.69 MB
       Class:  5.38 MB
        Both:  9.07 MB

MaxMetaspaceSize: unlimited
CompressedClassSpaceSize: 1.00 GB
Initial GC threshold: 21.00 MB
Current GC threshold: 170.88 MB
CDS: off
MetaspaceReclaimPolicy: balanced
 - commit_granule_bytes: 65536.
 - commit_granule_words: 8192.
 - virtual_space_node_default_size: 8388608.
 - enlarge_chunks_in_place: 1.
 - new_chunks_are_fully_committed: 0.
 - uncommit_free_chunks: 1.
 - use_allocation_guard: 0.
 - handle_deallocations: 1.


Internal statistics:

num_allocs_failed_limit: 9.
num_arena_births: 1144.
num_arena_deaths: 400.
num_vsnodes_births: 3.
num_vsnodes_deaths: 0.
num_space_committed: 1640.
num_space_uncommitted: 0.
num_chunks_returned_to_freelist: 453.
num_chunks_taken_from_freelist: 5640.
num_chunk_merges: 167.
num_chunk_splits: 3403.
num_chunks_enlarged: 2018.
num_inconsistent_stats: 0.

CodeHeap 'non-profiled nmethods': size=118848Kb used=31199Kb max_used=31199Kb free=87648Kb
 bounds [0x000002a587bf0000, 0x000002a589a70000, 0x000002a58f000000]
CodeHeap 'profiled nmethods': size=118848Kb used=45406Kb max_used=46924Kb free=73441Kb
 bounds [0x000002a580000000, 0x000002a582df0000, 0x000002a587410000]
CodeHeap 'non-nmethods': size=8064Kb used=1471Kb max_used=3799Kb free=6592Kb
 bounds [0x000002a587410000, 0x000002a5877d0000, 0x000002a587bf0000]
 total_blobs=22436 nmethods=21620 adapters=727
 compilation: enabled
              stopped_count=0, restarted_count=0
 full_count=0

Compilation events (20 events):
Event: 7402.715 Thread 0x000002a5f97c7c70 31911       3       org.eclipse.jdt.internal.core.ResolvedSourceField::<init> (12 bytes)
Event: 7402.716 Thread 0x000002a5f97c7c70 nmethod 31911 0x000002a581c50890 code [0x000002a581c50a40, 0x000002a581c50d68]
Event: 7404.389 Thread 0x000002a5f97c6a20 31912   !   4       org.eclipse.jdt.internal.core.JavaElement::openWhenClosed (172 bytes)
Event: 7404.408 Thread 0x000002a5f97c6a20 nmethod 31912 0x000002a589a52190 code [0x000002a589a52500, 0x000002a589a54378]
Event: 7407.287 Thread 0x000002a5f97c6a20 31913   !   4       org.eclipse.jdt.internal.compiler.SourceElementNotifier::notifySourceElementRequestor (441 bytes)
Event: 7407.300 Thread 0x000002a5f97c6a20 nmethod 31913 0x000002a589a55d10 code [0x000002a589a55f60, 0x000002a589a57330]
Event: 7408.009 Thread 0x000002a5f97c6a20 31914       4       org.eclipse.jdt.internal.compiler.codegen.CodeStream::resizeByteArray (44 bytes)
Event: 7408.010 Thread 0x000002a5f97c6a20 nmethod 31914 0x000002a589a58190 code [0x000002a589a58320, 0x000002a589a58598]
Event: 7409.032 Thread 0x000002a5f97c6a20 31915       4       java.util.HashMap$ValueSpliterator::characteristics (28 bytes)
Event: 7409.033 Thread 0x000002a5f97c6a20 nmethod 31915 0x000002a589a58710 code [0x000002a589a58880, 0x000002a589a58918]
Event: 7409.538 Thread 0x000002a5f97c7c70 31916       3       org.eclipse.jdt.internal.compiler.parser.JavadocParser::createTypeReference (141 bytes)
Event: 7409.538 Thread 0x000002a5f97c6a20 31917   !   4       org.eclipse.jdt.internal.codeassist.complete.CompletionScanner::getNextToken0 (3698 bytes)
Event: 7409.538 Thread 0x000002a5f97c7c70 nmethod 31916 0x000002a58181c190 code [0x000002a58181c3a0, 0x000002a58181cad8]
Event: 7409.538 Thread 0x000002a5f97c7c70 31918       3       java.lang.ArrayIndexOutOfBoundsException::<init> (6 bytes)
Event: 7409.538 Thread 0x000002a5f97c7c70 nmethod 31918 0x000002a58114d890 code [0x000002a58114da40, 0x000002a58114dca8]
Event: 7409.538 Thread 0x000002a5f97c7c70 31919       3       java.lang.IndexOutOfBoundsException::<init> (6 bytes)
Event: 7409.539 Thread 0x000002a5f97c7c70 nmethod 31919 0x000002a581d35190 code [0x000002a581d35340, 0x000002a581d35548]
Event: 7409.594 Thread 0x000002a5f97c6a20 nmethod 31917 0x000002a589a58a10 code [0x000002a589a59440, 0x000002a589a5ddc0]
Event: 7409.799 Thread 0x000002a5f97c6a20 31920       4       org.eclipse.jdt.core.dom.ASTParser::internalCreateASTForKind (852 bytes)
Event: 7409.851 Thread 0x000002a5f97c6a20 nmethod 31920 0x000002a589a60810 code [0x000002a589a60d40, 0x000002a589a652f8]

GC Heap History (20 events):
Event: 7410.553 GC heap after
{Heap after GC invocations=12967 (full 297):
 PSYoungGen      total 3072K, used 593K [0x00000000eab00000, 0x00000000eaf00000, 0x0000000100000000)
  eden space 2048K, 0% used [0x00000000eab00000,0x00000000eab00000,0x00000000ead00000)
  from space 1024K, 57% used [0x00000000eae00000,0x00000000eae94738,0x00000000eaf00000)
  to   space 1024K, 0% used [0x00000000ead00000,0x00000000ead00000,0x00000000eae00000)
 ParOldGen       total 118272K, used 107643K [0x00000000c0000000, 0x00000000c7380000, 0x00000000eab00000)
  object space 118272K, 91% used [0x00000000c0000000,0x00000000c691ee38,0x00000000c7380000)
 Metaspace       used 103789K, committed 104960K, reserved 1179648K
  class space    used 10290K, committed 10880K, reserved 1048576K
}
Event: 7410.556 GC heap before
{Heap before GC invocations=12968 (full 297):
 PSYoungGen      total 3072K, used 2641K [0x00000000eab00000, 0x00000000eaf00000, 0x0000000100000000)
  eden space 2048K, 100% used [0x00000000eab00000,0x00000000ead00000,0x00000000ead00000)
  from space 1024K, 57% used [0x00000000eae00000,0x00000000eae94738,0x00000000eaf00000)
  to   space 1024K, 0% used [0x00000000ead00000,0x00000000ead00000,0x00000000eae00000)
 ParOldGen       total 118272K, used 107643K [0x00000000c0000000, 0x00000000c7380000, 0x00000000eab00000)
  object space 118272K, 91% used [0x00000000c0000000,0x00000000c691ee38,0x00000000c7380000)
 Metaspace       used 103789K, committed 104960K, reserved 1179648K
  class space    used 10290K, committed 10880K, reserved 1048576K
}
Event: 7410.557 GC heap after
{Heap after GC invocations=12968 (full 297):
 PSYoungGen      total 3072K, used 998K [0x00000000eab00000, 0x00000000eb100000, 0x0000000100000000)
  eden space 2048K, 0% used [0x00000000eab00000,0x00000000eab00000,0x00000000ead00000)
  from space 1024K, 97% used [0x00000000ead00000,0x00000000eadf9ab0,0x00000000eae00000)
  to   space 2048K, 0% used [0x00000000eaf00000,0x00000000eaf00000,0x00000000eb100000)
 ParOldGen       total 118272K, used 108288K [0x00000000c0000000, 0x00000000c7380000, 0x00000000eab00000)
  object space 118272K, 91% used [0x00000000c0000000,0x00000000c69c0280,0x00000000c7380000)
 Metaspace       used 103789K, committed 104960K, reserved 1179648K
  class space    used 10290K, committed 10880K, reserved 1048576K
}
Event: 7410.560 GC heap before
{Heap before GC invocations=12969 (full 297):
 PSYoungGen      total 3072K, used 3046K [0x00000000eab00000, 0x00000000eb100000, 0x0000000100000000)
  eden space 2048K, 100% used [0x00000000eab00000,0x00000000ead00000,0x00000000ead00000)
  from space 1024K, 97% used [0x00000000ead00000,0x00000000eadf9ab0,0x00000000eae00000)
  to   space 2048K, 0% used [0x00000000eaf00000,0x00000000eaf00000,0x00000000eb100000)
 ParOldGen       total 118272K, used 108288K [0x00000000c0000000, 0x00000000c7380000, 0x00000000eab00000)
  object space 118272K, 91% used [0x00000000c0000000,0x00000000c69c0280,0x00000000c7380000)
 Metaspace       used 103789K, committed 104960K, reserved 1179648K
  class space    used 10290K, committed 10880K, reserved 1048576K
}
Event: 7410.562 GC heap after
{Heap after GC invocations=12969 (full 297):
 PSYoungGen      total 2560K, used 2048K [0x00000000eab00000, 0x00000000eb400000, 0x0000000100000000)
  eden space 512K, 0% used [0x00000000eab00000,0x00000000eab00000,0x00000000eab80000)
  from space 2048K, 100% used [0x00000000eaf00000,0x00000000eb100000,0x00000000eb100000)
  to   space 3584K, 0% used [0x00000000eab80000,0x00000000eab80000,0x00000000eaf00000)
 ParOldGen       total 118272K, used 109290K [0x00000000c0000000, 0x00000000c7380000, 0x00000000eab00000)
  object space 118272K, 92% used [0x00000000c0000000,0x00000000c6abab10,0x00000000c7380000)
 Metaspace       used 103789K, committed 104960K, reserved 1179648K
  class space    used 10290K, committed 10880K, reserved 1048576K
}
Event: 7410.563 GC heap before
{Heap before GC invocations=12970 (full 297):
 PSYoungGen      total 2560K, used 2560K [0x00000000eab00000, 0x00000000eb400000, 0x0000000100000000)
  eden space 512K, 100% used [0x00000000eab00000,0x00000000eab80000,0x00000000eab80000)
  from space 2048K, 100% used [0x00000000eaf00000,0x00000000eb100000,0x00000000eb100000)
  to   space 3584K, 0% used [0x00000000eab80000,0x00000000eab80000,0x00000000eaf00000)
 ParOldGen       total 118272K, used 109290K [0x00000000c0000000, 0x00000000c7380000, 0x00000000eab00000)
  object space 118272K, 92% used [0x00000000c0000000,0x00000000c6abab10,0x00000000c7380000)
 Metaspace       used 103789K, committed 104960K, reserved 1179648K
  class space    used 10290K, committed 10880K, reserved 1048576K
}
Event: 7410.567 GC heap after
{Heap after GC invocations=12970 (full 297):
 PSYoungGen      total 1536K, used 800K [0x00000000eab00000, 0x00000000eb000000, 0x0000000100000000)
  eden space 512K, 0% used [0x00000000eab00000,0x00000000eab00000,0x00000000eab80000)
  from space 1024K, 78% used [0x00000000eab80000,0x00000000eac48000,0x00000000eac80000)
  to   space 2048K, 0% used [0x00000000eae00000,0x00000000eae00000,0x00000000eb000000)
 ParOldGen       total 118272K, used 111226K [0x00000000c0000000, 0x00000000c7380000, 0x00000000eab00000)
  object space 118272K, 94% used [0x00000000c0000000,0x00000000c6c9eb30,0x00000000c7380000)
 Metaspace       used 103789K, committed 104960K, reserved 1179648K
  class space    used 10290K, committed 10880K, reserved 1048576K
}
Event: 7410.568 GC heap before
{Heap before GC invocations=12971 (full 297):
 PSYoungGen      total 1536K, used 1312K [0x00000000eab00000, 0x00000000eb000000, 0x0000000100000000)
  eden space 512K, 100% used [0x00000000eab00000,0x00000000eab80000,0x00000000eab80000)
  from space 1024K, 78% used [0x00000000eab80000,0x00000000eac48000,0x00000000eac80000)
  to   space 2048K, 0% used [0x00000000eae00000,0x00000000eae00000,0x00000000eb000000)
 ParOldGen       total 118272K, used 111226K [0x00000000c0000000, 0x00000000c7380000, 0x00000000eab00000)
  object space 118272K, 94% used [0x00000000c0000000,0x00000000c6c9eb30,0x00000000c7380000)
 Metaspace       used 103789K, committed 104960K, reserved 1179648K
  class space    used 10290K, committed 10880K, reserved 1048576K
}
Event: 7410.570 GC heap after
{Heap after GC invocations=12971 (full 297):
 PSYoungGen      total 2048K, used 736K [0x00000000eab00000, 0x00000000eaf00000, 0x0000000100000000)
  eden space 1024K, 0% used [0x00000000eab00000,0x00000000eab00000,0x00000000eac00000)
  from space 1024K, 71% used [0x00000000eae00000,0x00000000eaeb8000,0x00000000eaf00000)
  to   space 1024K, 0% used [0x00000000ead00000,0x00000000ead00000,0x00000000eae00000)
 ParOldGen       total 118272K, used 111778K [0x00000000c0000000, 0x00000000c7380000, 0x00000000eab00000)
  object space 118272K, 94% used [0x00000000c0000000,0x00000000c6d28b30,0x00000000c7380000)
 Metaspace       used 103789K, committed 104960K, reserved 1179648K
  class space    used 10290K, committed 10880K, reserved 1048576K
}
Event: 7410.572 GC heap before
{Heap before GC invocations=12972 (full 297):
 PSYoungGen      total 2048K, used 1759K [0x00000000eab00000, 0x00000000eaf00000, 0x0000000100000000)
  eden space 1024K, 99% used [0x00000000eab00000,0x00000000eabffff8,0x00000000eac00000)
  from space 1024K, 71% used [0x00000000eae00000,0x00000000eaeb8000,0x00000000eaf00000)
  to   space 1024K, 0% used [0x00000000ead00000,0x00000000ead00000,0x00000000eae00000)
 ParOldGen       total 118272K, used 111778K [0x00000000c0000000, 0x00000000c7380000, 0x00000000eab00000)
  object space 118272K, 94% used [0x00000000c0000000,0x00000000c6d28b30,0x00000000c7380000)
 Metaspace       used 103789K, committed 104960K, reserved 1179648K
  class space    used 10290K, committed 10880K, reserved 1048576K
}
Event: 7410.575 GC heap after
{Heap after GC invocations=12972 (full 297):
 PSYoungGen      total 2560K, used 1024K [0x00000000eab00000, 0x00000000eb080000, 0x0000000100000000)
  eden space 1536K, 0% used [0x00000000eab00000,0x00000000eab00000,0x00000000eac80000)
  from space 1024K, 100% used [0x00000000ead00000,0x00000000eae00000,0x00000000eae00000)
  to   space 2048K, 0% used [0x00000000eae80000,0x00000000eae80000,0x00000000eb080000)
 ParOldGen       total 118272K, used 112482K [0x00000000c0000000, 0x00000000c7380000, 0x00000000eab00000)
  object space 118272K, 95% used [0x00000000c0000000,0x00000000c6dd8b30,0x00000000c7380000)
 Metaspace       used 103789K, committed 104960K, reserved 1179648K
  class space    used 10290K, committed 10880K, reserved 1048576K
}
Event: 7410.578 GC heap before
{Heap before GC invocations=12973 (full 297):
 PSYoungGen      total 2560K, used 2547K [0x00000000eab00000, 0x00000000eb080000, 0x0000000100000000)
  eden space 1536K, 99% used [0x00000000eab00000,0x00000000eac7ce78,0x00000000eac80000)
  from space 1024K, 100% used [0x00000000ead00000,0x00000000eae00000,0x00000000eae00000)
  to   space 2048K, 0% used [0x00000000eae80000,0x00000000eae80000,0x00000000eb080000)
 ParOldGen       total 118272K, used 112482K [0x00000000c0000000, 0x00000000c7380000, 0x00000000eab00000)
  object space 118272K, 95% used [0x00000000c0000000,0x00000000c6dd8b30,0x00000000c7380000)
 Metaspace       used 103789K, committed 104960K, reserved 1179648K
  class space    used 10290K, committed 10880K, reserved 1048576K
}
Event: 7410.582 GC heap after
{Heap after GC invocations=12973 (full 297):
 PSYoungGen      total 3584K, used 1877K [0x00000000eab00000, 0x00000000eb100000, 0x0000000100000000)
  eden space 1536K, 0% used [0x00000000eab00000,0x00000000eab00000,0x00000000eac80000)
  from space 2048K, 91% used [0x00000000eae80000,0x00000000eb055400,0x00000000eb080000)
  to   space 2048K, 0% used [0x00000000eac80000,0x00000000eac80000,0x00000000eae80000)
 ParOldGen       total 118272K, used 113434K [0x00000000c0000000, 0x00000000c7380000, 0x00000000eab00000)
  object space 118272K, 95% used [0x00000000c0000000,0x00000000c6ec6b30,0x00000000c7380000)
 Metaspace       used 103789K, committed 104960K, reserved 1179648K
  class space    used 10290K, committed 10880K, reserved 1048576K
}
Event: 7410.586 GC heap before
{Heap before GC invocations=12974 (full 297):
 PSYoungGen      total 3584K, used 3319K [0x00000000eab00000, 0x00000000eb100000, 0x0000000100000000)
  eden space 1536K, 93% used [0x00000000eab00000,0x00000000eac68b10,0x00000000eac80000)
  from space 2048K, 91% used [0x00000000eae80000,0x00000000eb055400,0x00000000eb080000)
  to   space 2048K, 0% used [0x00000000eac80000,0x00000000eac80000,0x00000000eae80000)
 ParOldGen       total 118272K, used 113434K [0x00000000c0000000, 0x00000000c7380000, 0x00000000eab00000)
  object space 118272K, 95% used [0x00000000c0000000,0x00000000c6ec6b30,0x00000000c7380000)
 Metaspace       used 103789K, committed 104960K, reserved 1179648K
  class space    used 10290K, committed 10880K, reserved 1048576K
}
Event: 7410.588 GC heap after
{Heap after GC invocations=12974 (full 297):
 PSYoungGen      total 3584K, used 1344K [0x00000000eab00000, 0x00000000eb100000, 0x0000000100000000)
  eden space 1536K, 0% used [0x00000000eab00000,0x00000000eab00000,0x00000000eac80000)
  from space 2048K, 65% used [0x00000000eac80000,0x00000000eadd0000,0x00000000eae80000)
  to   space 2048K, 0% used [0x00000000eaf00000,0x00000000eaf00000,0x00000000eb100000)
 ParOldGen       total 118272K, used 114946K [0x00000000c0000000, 0x00000000c7380000, 0x00000000eab00000)
  object space 118272K, 97% used [0x00000000c0000000,0x00000000c7040b30,0x00000000c7380000)
 Metaspace       used 103789K, committed 104960K, reserved 1179648K
  class space    used 10290K, committed 10880K, reserved 1048576K
}
Event: 7410.601 GC heap before
{Heap before GC invocations=12975 (full 297):
 PSYoungGen      total 3584K, used 2880K [0x00000000eab00000, 0x00000000eb100000, 0x0000000100000000)
  eden space 1536K, 100% used [0x00000000eab00000,0x00000000eac80000,0x00000000eac80000)
  from space 2048K, 65% used [0x00000000eac80000,0x00000000eadd0000,0x00000000eae80000)
  to   space 2048K, 0% used [0x00000000eaf00000,0x00000000eaf00000,0x00000000eb100000)
 ParOldGen       total 118272K, used 114946K [0x00000000c0000000, 0x00000000c7380000, 0x00000000eab00000)
  object space 118272K, 97% used [0x00000000c0000000,0x00000000c7040b30,0x00000000c7380000)
 Metaspace       used 103789K, committed 104960K, reserved 1179648K
  class space    used 10290K, committed 10880K, reserved 1048576K
}
Event: 7410.602 GC heap after
{Heap after GC invocations=12975 (full 297):
 PSYoungGen      total 4096K, used 1742K [0x00000000eab00000, 0x00000000eb100000, 0x0000000100000000)
  eden space 2048K, 0% used [0x00000000eab00000,0x00000000eab00000,0x00000000ead00000)
  from space 2048K, 85% used [0x00000000eaf00000,0x00000000eb0b3aa0,0x00000000eb100000)
  to   space 2048K, 0% used [0x00000000ead00000,0x00000000ead00000,0x00000000eaf00000)
 ParOldGen       total 118272K, used 115818K [0x00000000c0000000, 0x00000000c7380000, 0x00000000eab00000)
  object space 118272K, 97% used [0x00000000c0000000,0x00000000c711ab30,0x00000000c7380000)
 Metaspace       used 103789K, committed 104960K, reserved 1179648K
  class space    used 10290K, committed 10880K, reserved 1048576K
}
Event: 7410.605 GC heap before
{Heap before GC invocations=12976 (full 297):
 PSYoungGen      total 4096K, used 3790K [0x00000000eab00000, 0x00000000eb100000, 0x0000000100000000)
  eden space 2048K, 100% used [0x00000000eab00000,0x00000000ead00000,0x00000000ead00000)
  from space 2048K, 85% used [0x00000000eaf00000,0x00000000eb0b3aa0,0x00000000eb100000)
  to   space 2048K, 0% used [0x00000000ead00000,0x00000000ead00000,0x00000000eaf00000)
 ParOldGen       total 118272K, used 115818K [0x00000000c0000000, 0x00000000c7380000, 0x00000000eab00000)
  object space 118272K, 97% used [0x00000000c0000000,0x00000000c711ab30,0x00000000c7380000)
 Metaspace       used 103789K, committed 104960K, reserved 1179648K
  class space    used 10290K, committed 10880K, reserved 1048576K
}
Event: 7410.606 GC heap after
{Heap after GC invocations=12976 (full 297):
 PSYoungGen      total 4096K, used 2048K [0x00000000eab00000, 0x00000000eb680000, 0x0000000100000000)
  eden space 2048K, 0% used [0x00000000eab00000,0x00000000eab00000,0x00000000ead00000)
  from space 2048K, 100% used [0x00000000ead00000,0x00000000eaf00000,0x00000000eaf00000)
  to   space 4608K, 0% used [0x00000000eb200000,0x00000000eb200000,0x00000000eb680000)
 ParOldGen       total 118272K, used 117537K [0x00000000c0000000, 0x00000000c7380000, 0x00000000eab00000)
  object space 118272K, 99% used [0x00000000c0000000,0x00000000c72c85d0,0x00000000c7380000)
 Metaspace       used 103789K, committed 104960K, reserved 1179648K
  class space    used 10290K, committed 10880K, reserved 1048576K
}
Event: 7410.606 GC heap before
{Heap before GC invocations=12977 (full 298):
 PSYoungGen      total 4096K, used 2048K [0x00000000eab00000, 0x00000000eb680000, 0x0000000100000000)
  eden space 2048K, 0% used [0x00000000eab00000,0x00000000eab00000,0x00000000ead00000)
  from space 2048K, 100% used [0x00000000ead00000,0x00000000eaf00000,0x00000000eaf00000)
  to   space 4608K, 0% used [0x00000000eb200000,0x00000000eb200000,0x00000000eb680000)
 ParOldGen       total 118272K, used 117537K [0x00000000c0000000, 0x00000000c7380000, 0x00000000eab00000)
  object space 118272K, 99% used [0x00000000c0000000,0x00000000c72c85d0,0x00000000c7380000)
 Metaspace       used 103789K, committed 104960K, reserved 1179648K
  class space    used 10290K, committed 10880K, reserved 1048576K
}

Dll operation events (12 events):
Event: 0.049 Loaded shared library c:\Users\milli\.vscode\extensions\redhat.java-1.28.1-win32-x64\jre\17.0.10-win32-x86_64\bin\java.dll
Event: 0.121 Loaded shared library c:\Users\milli\.vscode\extensions\redhat.java-1.28.1-win32-x64\jre\17.0.10-win32-x86_64\bin\zip.dll
Event: 0.122 Loaded shared library C:\Users\milli\.vscode\extensions\redhat.java-1.28.1-win32-x64\jre\17.0.10-win32-x86_64\bin\instrument.dll
Event: 0.138 Loaded shared library C:\Users\milli\.vscode\extensions\redhat.java-1.28.1-win32-x64\jre\17.0.10-win32-x86_64\bin\net.dll
Event: 0.150 Loaded shared library C:\Users\milli\.vscode\extensions\redhat.java-1.28.1-win32-x64\jre\17.0.10-win32-x86_64\bin\nio.dll
Event: 0.154 Loaded shared library C:\Users\milli\.vscode\extensions\redhat.java-1.28.1-win32-x64\jre\17.0.10-win32-x86_64\bin\zip.dll
Event: 0.161 Loaded shared library C:\Users\milli\.vscode\extensions\redhat.java-1.28.1-win32-x64\jre\17.0.10-win32-x86_64\bin\jimage.dll
Event: 0.197 Loaded shared library c:\Users\milli\.vscode\extensions\redhat.java-1.28.1-win32-x64\jre\17.0.10-win32-x86_64\bin\verify.dll
Event: 1.819 Loaded shared library C:\Users\milli\AppData\Roaming\Code\User\globalStorage\redhat.java\1.28.1\config_win\org.eclipse.equinox.launcher\org.eclipse.equinox.launcher.win32.win32.x86_64_1.2.900.v20240129-1338\eclipse_11900.dll
Event: 4.516 Loaded shared library C:\Users\milli\AppData\Local\Temp\jna-103899085\jna14424394172017626182.dll
Event: 30.060 Loaded shared library C:\Users\milli\.vscode\extensions\redhat.java-1.28.1-win32-x64\jre\17.0.10-win32-x86_64\bin\extnet.dll
Event: 4406.758 Loaded shared library C:\Users\milli\.vscode\extensions\redhat.java-1.28.1-win32-x64\jre\17.0.10-win32-x86_64\bin\sunmscapi.dll

Deoptimization events (20 events):
Event: 7339.062 Thread 0x000002a592976fb0 Uncommon trap: trap_request=0xffffffcc fr.pc=0x000002a588c526a4 relative=0x00000000000012c4
Event: 7339.062 Thread 0x000002a592976fb0 Uncommon trap: reason=intrinsic_or_type_checked_inlining action=make_not_entrant pc=0x000002a588c526a4 method=org.eclipse.jdt.internal.compiler.parser.Parser.parse(Lorg/eclipse/jdt/internal/compiler/ast/ConstructorDeclaration;Lorg/eclipse/jdt/internal/com
Event: 7339.062 Thread 0x000002a592976fb0 DEOPT PACKING pc=0x000002a588c526a4 sp=0x000000f1464fe6b0
Event: 7339.062 Thread 0x000002a592976fb0 DEOPT UNPACKING pc=0x000002a587469ea3 sp=0x000000f1464fe650 mode 2
Event: 7361.985 Thread 0x000002a5901d4d00 Uncommon trap: trap_request=0xffffffc6 fr.pc=0x000002a589087930 relative=0x0000000000000950
Event: 7361.985 Thread 0x000002a5901d4d00 Uncommon trap: reason=bimorphic_or_optimized_type_check action=maybe_recompile pc=0x000002a589087930 method=org.eclipse.core.internal.jobs.JobManager.cancel(Lorg/eclipse/core/internal/jobs/InternalJob;)Z @ 72 c2
Event: 7361.985 Thread 0x000002a5901d4d00 DEOPT PACKING pc=0x000002a589087930 sp=0x000000f1481fe930
Event: 7361.985 Thread 0x000002a5901d4d00 DEOPT UNPACKING pc=0x000002a587469ea3 sp=0x000000f1481fe928 mode 2
Event: 7361.986 Thread 0x000002a592976590 Uncommon trap: trap_request=0xffffffde fr.pc=0x000002a5899b5624 relative=0x00000000000009e4
Event: 7361.986 Thread 0x000002a592976590 Uncommon trap: reason=class_check action=maybe_recompile pc=0x000002a5899b5624 method=org.eclipse.core.internal.jobs.JobManager.lambda$2(Lorg/eclipse/core/internal/jobs/InternalJob;ZLorg/eclipse/core/runtime/IStatus;Lorg/eclipse/core/internal/jobs/Interna
Event: 7361.986 Thread 0x000002a592976590 DEOPT PACKING pc=0x000002a5899b5624 sp=0x000000f1466ff390
Event: 7361.986 Thread 0x000002a592976590 DEOPT UNPACKING pc=0x000002a587469ea3 sp=0x000000f1466ff200 mode 2
Event: 7363.659 Thread 0x000002a5901d4d00 Uncommon trap: trap_request=0xffffffc6 fr.pc=0x000002a589087930 relative=0x0000000000000950
Event: 7363.659 Thread 0x000002a5901d4d00 Uncommon trap: reason=bimorphic_or_optimized_type_check action=maybe_recompile pc=0x000002a589087930 method=org.eclipse.core.internal.jobs.JobManager.cancel(Lorg/eclipse/core/internal/jobs/InternalJob;)Z @ 72 c2
Event: 7363.659 Thread 0x000002a5901d4d00 DEOPT PACKING pc=0x000002a589087930 sp=0x000000f1481fe930
Event: 7363.659 Thread 0x000002a5901d4d00 DEOPT UNPACKING pc=0x000002a587469ea3 sp=0x000000f1481fe928 mode 2
Event: 7363.659 Thread 0x000002a5fded6b10 Uncommon trap: trap_request=0xffffffde fr.pc=0x000002a5899b5624 relative=0x00000000000009e4
Event: 7363.659 Thread 0x000002a5fded6b10 Uncommon trap: reason=class_check action=maybe_recompile pc=0x000002a5899b5624 method=org.eclipse.core.internal.jobs.JobManager.lambda$2(Lorg/eclipse/core/internal/jobs/InternalJob;ZLorg/eclipse/core/runtime/IStatus;Lorg/eclipse/core/internal/jobs/Interna
Event: 7363.659 Thread 0x000002a5fded6b10 DEOPT PACKING pc=0x000002a5899b5624 sp=0x000000f1461ff110
Event: 7363.659 Thread 0x000002a5fded6b10 DEOPT UNPACKING pc=0x000002a587469ea3 sp=0x000000f1461fef80 mode 2

Classes unloaded (20 events):
Event: 6750.303 Thread 0x000002a5ef43a250 Unloading class 0x0000000100a59c00 'java/lang/invoke/LambdaForm$MH+0x0000000100a59c00'
Event: 6750.303 Thread 0x000002a5ef43a250 Unloading class 0x0000000100a59800 'java/lang/invoke/LambdaForm$MH+0x0000000100a59800'
Event: 6750.303 Thread 0x000002a5ef43a250 Unloading class 0x0000000100a59400 'java/lang/invoke/LambdaForm$MH+0x0000000100a59400'
Event: 6750.303 Thread 0x000002a5ef43a250 Unloading class 0x0000000100a59000 'java/lang/invoke/LambdaForm$MH+0x0000000100a59000'
Event: 6750.303 Thread 0x000002a5ef43a250 Unloading class 0x0000000100a4c800 'java/lang/invoke/LambdaForm$MH+0x0000000100a4c800'
Event: 6750.303 Thread 0x000002a5ef43a250 Unloading class 0x0000000100a4d400 'java/lang/invoke/LambdaForm$MH+0x0000000100a4d400'
Event: 6750.303 Thread 0x000002a5ef43a250 Unloading class 0x0000000100a4e400 'java/lang/invoke/LambdaForm$MH+0x0000000100a4e400'
Event: 6750.303 Thread 0x000002a5ef43a250 Unloading class 0x0000000100a4e800 'java/lang/invoke/LambdaForm$MH+0x0000000100a4e800'
Event: 6750.303 Thread 0x000002a5ef43a250 Unloading class 0x0000000100a4f400 'java/lang/invoke/LambdaForm$MH+0x0000000100a4f400'
Event: 6750.303 Thread 0x000002a5ef43a250 Unloading class 0x0000000100a4fc00 'java/lang/invoke/LambdaForm$MH+0x0000000100a4fc00'
Event: 6750.303 Thread 0x000002a5ef43a250 Unloading class 0x0000000100a58400 'jdk/internal/reflect/GeneratedConstructorAccessor68'
Event: 6750.303 Thread 0x000002a5ef43a250 Unloading class 0x0000000100a40000 'jdk/internal/reflect/GeneratedConstructorAccessor65'
Event: 6750.303 Thread 0x000002a5ef43a250 Unloading class 0x0000000100958c00 'jdk/internal/reflect/GeneratedConstructorAccessor63'
Event: 6750.303 Thread 0x000002a5ef43a250 Unloading class 0x0000000100958800 'jdk/internal/reflect/GeneratedConstructorAccessor62'
Event: 6750.303 Thread 0x000002a5ef43a250 Unloading class 0x0000000100958400 'jdk/internal/reflect/GeneratedConstructorAccessor61'
Event: 6750.303 Thread 0x000002a5ef43a250 Unloading class 0x0000000100958000 'jdk/internal/reflect/GeneratedConstructorAccessor60'
Event: 6929.901 Thread 0x000002a5ef43a250 Unloading class 0x0000000100aa2c00 'jdk/internal/reflect/GeneratedMethodAccessor51'
Event: 6929.901 Thread 0x000002a5ef43a250 Unloading class 0x0000000100a50400 'jdk/internal/reflect/GeneratedSerializationConstructorAccessor9'
Event: 6929.901 Thread 0x000002a5ef43a250 Unloading class 0x000000010091c800 'jdk/internal/reflect/GeneratedSerializationConstructorAccessor8'
Event: 6929.901 Thread 0x000002a5ef43a250 Unloading class 0x0000000100949800 'jdk/internal/reflect/GeneratedSerializationConstructorAccessor7'

Classes redefined (0 events):
No events

Internal exceptions (20 events):
Event: 7359.544 Thread 0x000002a5901d47f0 Exception <a 'sun/nio/fs/WindowsException'{0x00000000eab6ada0}> (0x00000000eab6ada0) 
thrown [s\src\hotspot\share\prims\jni.cpp, line 516]
Event: 7360.971 Thread 0x000002a5901d47f0 Exception <a 'sun/nio/fs/WindowsException'{0x00000000eade6840}> (0x00000000eade6840) 
thrown [s\src\hotspot\share\prims\jni.cpp, line 516]
Event: 7361.018 Thread 0x000002a5901d47f0 Exception <a 'sun/nio/fs/WindowsException'{0x00000000ead4d238}> (0x00000000ead4d238) 
thrown [s\src\hotspot\share\prims\jni.cpp, line 516]
Event: 7368.746 Thread 0x000002a5901d4d00 Exception <a 'java/lang/ArrayIndexOutOfBoundsException'{0x00000000ead25710}> (0x00000000ead25710) 
thrown [s\src\hotspot\share\runtime\sharedRuntime.cpp, line 631]
Event: 7369.756 Thread 0x000002a5901d47f0 Exception <a 'sun/nio/fs/WindowsException'{0x00000000ead3f9e8}> (0x00000000ead3f9e8) 
thrown [s\src\hotspot\share\prims\jni.cpp, line 516]
Event: 7369.807 Thread 0x000002a5901d47f0 Exception <a 'sun/nio/fs/WindowsException'{0x00000000eab5ac18}> (0x00000000eab5ac18) 
thrown [s\src\hotspot\share\prims\jni.cpp, line 516]
Event: 7371.129 Thread 0x000002a5901d47f0 Exception <a 'sun/nio/fs/WindowsException'{0x00000000eac3de38}> (0x00000000eac3de38) 
thrown [s\src\hotspot\share\prims\jni.cpp, line 516]
Event: 7371.237 Thread 0x000002a5901d47f0 Exception <a 'sun/nio/fs/WindowsException'{0x00000000eac64570}> (0x00000000eac64570) 
thrown [s\src\hotspot\share\prims\jni.cpp, line 516]
Event: 7376.184 Thread 0x000002a5901d47f0 Exception <a 'sun/nio/fs/WindowsException'{0x00000000eab00738}> (0x00000000eab00738) 
thrown [s\src\hotspot\share\prims\jni.cpp, line 516]
Event: 7376.250 Thread 0x000002a5901d47f0 Exception <a 'sun/nio/fs/WindowsException'{0x00000000eab5ac18}> (0x00000000eab5ac18) 
thrown [s\src\hotspot\share\prims\jni.cpp, line 516]
Event: 7387.929 Thread 0x000002a5901d4d00 Exception <a 'java/lang/ArrayIndexOutOfBoundsException'{0x00000000eab253b8}> (0x00000000eab253b8) 
thrown [s\src\hotspot\share\runtime\sharedRuntime.cpp, line 631]
Event: 7388.945 Thread 0x000002a5901d47f0 Exception <a 'sun/nio/fs/WindowsException'{0x00000000eabd1198}> (0x00000000eabd1198) 
thrown [s\src\hotspot\share\prims\jni.cpp, line 516]
Event: 7389.014 Thread 0x000002a5901d47f0 Exception <a 'sun/nio/fs/WindowsException'{0x00000000eabaec18}> (0x00000000eabaec18) 
thrown [s\src\hotspot\share\prims\jni.cpp, line 516]
Event: 7392.587 Thread 0x000002a5901d47f0 Exception <a 'sun/nio/fs/WindowsException'{0x00000000ead7b528}> (0x00000000ead7b528) 
thrown [s\src\hotspot\share\prims\jni.cpp, line 516]
Event: 7392.638 Thread 0x000002a5901d47f0 Exception <a 'sun/nio/fs/WindowsException'{0x00000000eab5ac18}> (0x00000000eab5ac18) 
thrown [s\src\hotspot\share\prims\jni.cpp, line 516]
Event: 7402.709 Thread 0x000002a5901d4d00 Exception <a 'java/lang/ArrayIndexOutOfBoundsException'{0x00000000eabf01c8}> (0x00000000eabf01c8) 
thrown [s\src\hotspot\share\runtime\sharedRuntime.cpp, line 631]
Event: 7403.725 Thread 0x000002a5901d47f0 Exception <a 'sun/nio/fs/WindowsException'{0x00000000eac18120}> (0x00000000eac18120) 
thrown [s\src\hotspot\share\prims\jni.cpp, line 516]
Event: 7403.843 Thread 0x000002a5901d47f0 Exception <a 'sun/nio/fs/WindowsException'{0x00000000eab7b810}> (0x00000000eab7b810) 
thrown [s\src\hotspot\share\prims\jni.cpp, line 516]
Event: 7409.538 Thread 0x000002a5901d4d00 Exception <a 'java/lang/ArrayIndexOutOfBoundsException'{0x00000000eab3df60}> (0x00000000eab3df60) 
thrown [s\src\hotspot\share\runtime\sharedRuntime.cpp, line 631]
Event: 7410.553 Thread 0x000002a5901d47f0 Exception <a 'sun/nio/fs/WindowsException'{0x00000000eab04dd0}> (0x00000000eab04dd0) 
thrown [s\src\hotspot\share\prims\jni.cpp, line 516]

VM Operations (20 events):
Event: 7410.048 Executing VM operation: ParallelGCFailedAllocation done
Event: 7410.552 Executing VM operation: ParallelGCFailedAllocation
Event: 7410.553 Executing VM operation: ParallelGCFailedAllocation done
Event: 7410.556 Executing VM operation: ParallelGCFailedAllocation
Event: 7410.557 Executing VM operation: ParallelGCFailedAllocation done
Event: 7410.560 Executing VM operation: ParallelGCFailedAllocation
Event: 7410.562 Executing VM operation: ParallelGCFailedAllocation done
Event: 7410.563 Executing VM operation: ParallelGCFailedAllocation
Event: 7410.567 Executing VM operation: ParallelGCFailedAllocation done
Event: 7410.568 Executing VM operation: ParallelGCFailedAllocation
Event: 7410.570 Executing VM operation: ParallelGCFailedAllocation done
Event: 7410.572 Executing VM operation: ParallelGCFailedAllocation
Event: 7410.575 Executing VM operation: ParallelGCFailedAllocation done
Event: 7410.578 Executing VM operation: ParallelGCFailedAllocation
Event: 7410.582 Executing VM operation: ParallelGCFailedAllocation done
Event: 7410.586 Executing VM operation: ParallelGCFailedAllocation
Event: 7410.588 Executing VM operation: ParallelGCFailedAllocation done
Event: 7410.601 Executing VM operation: ParallelGCFailedAllocation
Event: 7410.602 Executing VM operation: ParallelGCFailedAllocation done
Event: 7410.605 Executing VM operation: ParallelGCFailedAllocation

Events (20 events):
Event: 7357.585 Thread 0x000002a5929779d0 Thread added: 0x000002a5929779d0
Event: 7357.592 Thread 0x000002a5929779d0 Thread exited: 0x000002a5929779d0
Event: 7359.532 Thread 0x000002a592974220 Thread added: 0x000002a592974220
Event: 7359.537 Thread 0x000002a592974220 Thread exited: 0x000002a592974220
Event: 7361.120 Thread 0x000002a592975660 Thread added: 0x000002a592975660
Event: 7361.126 Thread 0x000002a592975660 Thread exited: 0x000002a592975660
Event: 7369.905 Thread 0x000002a592975660 Thread added: 0x000002a592975660
Event: 7369.909 Thread 0x000002a592975660 Thread exited: 0x000002a592975660
Event: 7371.229 Thread 0x000002a592975660 Thread added: 0x000002a592975660
Event: 7371.234 Thread 0x000002a592975660 Thread exited: 0x000002a592975660
Event: 7374.960 Thread 0x000002a5929779d0 Thread added: 0x000002a5929779d0
Event: 7374.960 Thread 0x000002a5929779d0 Thread exited: 0x000002a5929779d0
Event: 7376.332 Thread 0x000002a592975660 Thread added: 0x000002a592975660
Event: 7376.384 Thread 0x000002a592975660 Thread exited: 0x000002a592975660
Event: 7389.093 Thread 0x000002a59297ac70 Thread added: 0x000002a59297ac70
Event: 7389.145 Thread 0x000002a59297ac70 Thread exited: 0x000002a59297ac70
Event: 7392.736 Thread 0x000002a592979830 Thread added: 0x000002a592979830
Event: 7392.742 Thread 0x000002a592979830 Thread exited: 0x000002a592979830
Event: 7403.849 Thread 0x000002a592975660 Thread added: 0x000002a592975660
Event: 7403.853 Thread 0x000002a592975660 Thread exited: 0x000002a592975660


Dynamic libraries:
0x00007ff629830000 - 0x00007ff62983e000 	c:\Users\milli\.vscode\extensions\redhat.java-1.28.1-win32-x64\jre\17.0.10-win32-x86_64\bin\java.exe
0x00007fff26a30000 - 0x00007fff26c28000 	C:\WINDOWS\SYSTEM32\ntdll.dll
0x00007fff26440000 - 0x00007fff264fd000 	C:\WINDOWS\System32\KERNEL32.DLL
0x00007fff24100000 - 0x00007fff243f6000 	C:\WINDOWS\System32\KERNELBASE.dll
0x00007fff248c0000 - 0x00007fff249c0000 	C:\WINDOWS\System32\ucrtbase.dll
0x00007fff201d0000 - 0x00007fff201e7000 	c:\Users\milli\.vscode\extensions\redhat.java-1.28.1-win32-x64\jre\17.0.10-win32-x86_64\bin\jli.dll
0x00007fff1f700000 - 0x00007fff1f71b000 	c:\Users\milli\.vscode\extensions\redhat.java-1.28.1-win32-x64\jre\17.0.10-win32-x86_64\bin\VCRUNTIME140.dll
0x00007fff24af0000 - 0x00007fff24c8e000 	C:\WINDOWS\System32\USER32.dll
0x00007fff24a50000 - 0x00007fff24a72000 	C:\WINDOWS\System32\win32u.dll
0x00007fff0ea90000 - 0x00007fff0ed2a000 	C:\WINDOWS\WinSxS\amd64_microsoft.windows.common-controls_6595b64144ccf1df_6.0.19041.3636_none_60b6a03d71f818d5\COMCTL32.dll
0x00007fff26340000 - 0x00007fff2636c000 	C:\WINDOWS\System32\GDI32.dll
0x00007fff268d0000 - 0x00007fff2696e000 	C:\WINDOWS\System32\msvcrt.dll
0x00007fff24520000 - 0x00007fff2463a000 	C:\WINDOWS\System32\gdi32full.dll
0x00007fff24430000 - 0x00007fff244cd000 	C:\WINDOWS\System32\msvcp_win.dll
0x00007fff26700000 - 0x00007fff26730000 	C:\WINDOWS\System32\IMM32.DLL
0x00007fff1fdb0000 - 0x00007fff1fdbc000 	c:\Users\milli\.vscode\extensions\redhat.java-1.28.1-win32-x64\jre\17.0.10-win32-x86_64\bin\vcruntime140_1.dll
0x00007ffeeff00000 - 0x00007ffeeff8d000 	c:\Users\milli\.vscode\extensions\redhat.java-1.28.1-win32-x64\jre\17.0.10-win32-x86_64\bin\msvcp140.dll
0x00007ffedcc40000 - 0x00007ffedd8a2000 	c:\Users\milli\.vscode\extensions\redhat.java-1.28.1-win32-x64\jre\17.0.10-win32-x86_64\bin\server\jvm.dll
0x00007fff26370000 - 0x00007fff26423000 	C:\WINDOWS\System32\ADVAPI32.dll
0x00007fff25d50000 - 0x00007fff25def000 	C:\WINDOWS\System32\sechost.dll
0x00007fff265d0000 - 0x00007fff266f6000 	C:\WINDOWS\System32\RPCRT4.dll
0x00007fff24400000 - 0x00007fff24427000 	C:\WINDOWS\System32\bcrypt.dll
0x00007fff23650000 - 0x00007fff2369b000 	C:\WINDOWS\SYSTEM32\POWRPROF.dll
0x00007fff03f80000 - 0x00007fff03f89000 	C:\WINDOWS\SYSTEM32\WSOCK32.dll
0x00007fff25c20000 - 0x00007fff25c8b000 	C:\WINDOWS\System32\WS2_32.dll
0x00007fff1c530000 - 0x00007fff1c53a000 	C:\WINDOWS\SYSTEM32\VERSION.dll
0x00007fff16390000 - 0x00007fff163b7000 	C:\WINDOWS\SYSTEM32\WINMM.dll
0x00007fff23510000 - 0x00007fff23522000 	C:\WINDOWS\SYSTEM32\UMPDC.dll
0x00007fff21fd0000 - 0x00007fff21fe2000 	C:\WINDOWS\SYSTEM32\kernel.appcore.dll
0x00007fff1fd00000 - 0x00007fff1fd0a000 	c:\Users\milli\.vscode\extensions\redhat.java-1.28.1-win32-x64\jre\17.0.10-win32-x86_64\bin\jimage.dll
0x00007fff19f70000 - 0x00007fff1a154000 	C:\WINDOWS\SYSTEM32\DBGHELP.DLL
0x00007fff17460000 - 0x00007fff17494000 	C:\WINDOWS\SYSTEM32\dbgcore.DLL
0x00007fff249c0000 - 0x00007fff24a42000 	C:\WINDOWS\System32\bcryptPrimitives.dll
0x00007fff1f210000 - 0x00007fff1f21e000 	c:\Users\milli\.vscode\extensions\redhat.java-1.28.1-win32-x64\jre\17.0.10-win32-x86_64\bin\instrument.dll
0x00007fff00aa0000 - 0x00007fff00ac5000 	c:\Users\milli\.vscode\extensions\redhat.java-1.28.1-win32-x64\jre\17.0.10-win32-x86_64\bin\java.dll
0x00007fff1f140000 - 0x00007fff1f158000 	c:\Users\milli\.vscode\extensions\redhat.java-1.28.1-win32-x64\jre\17.0.10-win32-x86_64\bin\zip.dll
0x00007fff254d0000 - 0x00007fff25c15000 	C:\WINDOWS\System32\SHELL32.dll
0x00007fff221d0000 - 0x00007fff2296b000 	C:\WINDOWS\SYSTEM32\windows.storage.dll
0x00007fff25170000 - 0x00007fff254c4000 	C:\WINDOWS\System32\combase.dll
0x00007fff23b30000 - 0x00007fff23b5d000 	C:\WINDOWS\SYSTEM32\Wldp.dll
0x00007fff26820000 - 0x00007fff268cd000 	C:\WINDOWS\System32\SHCORE.dll
0x00007fff24a80000 - 0x00007fff24ad5000 	C:\WINDOWS\System32\shlwapi.dll
0x00007fff24030000 - 0x00007fff24055000 	C:\WINDOWS\SYSTEM32\profapi.dll
0x00007fff06440000 - 0x00007fff06459000 	C:\Users\milli\.vscode\extensions\redhat.java-1.28.1-win32-x64\jre\17.0.10-win32-x86_64\bin\net.dll
0x00007fff1cd80000 - 0x00007fff1ce8a000 	C:\WINDOWS\SYSTEM32\WINHTTP.dll
0x00007fff23890000 - 0x00007fff238fa000 	C:\WINDOWS\system32\mswsock.dll
0x00007fff03de0000 - 0x00007fff03df6000 	C:\Users\milli\.vscode\extensions\redhat.java-1.28.1-win32-x64\jre\17.0.10-win32-x86_64\bin\nio.dll
0x00007fff1e1e0000 - 0x00007fff1e1f0000 	c:\Users\milli\.vscode\extensions\redhat.java-1.28.1-win32-x64\jre\17.0.10-win32-x86_64\bin\verify.dll
0x00007ffefcbe0000 - 0x00007ffefcc1e000 	C:\Users\milli\AppData\Roaming\Code\User\globalStorage\redhat.java\1.28.1\config_win\org.eclipse.equinox.launcher\org.eclipse.equinox.launcher.win32.win32.x86_64_1.2.900.v20240129-1338\eclipse_11900.dll
0x00007fff24db0000 - 0x00007fff24edb000 	C:\WINDOWS\System32\ole32.dll
0x00007fff23a80000 - 0x00007fff23a98000 	C:\WINDOWS\SYSTEM32\CRYPTSP.dll
0x00007fff23150000 - 0x00007fff23184000 	C:\WINDOWS\system32\rsaenh.dll
0x00007fff23ff0000 - 0x00007fff2401e000 	C:\WINDOWS\SYSTEM32\USERENV.dll
0x00007fff23aa0000 - 0x00007fff23aac000 	C:\WINDOWS\SYSTEM32\CRYPTBASE.dll
0x00007fff23530000 - 0x00007fff2356b000 	C:\WINDOWS\SYSTEM32\IPHLPAPI.DLL
0x00007fff25d40000 - 0x00007fff25d48000 	C:\WINDOWS\System32\NSI.dll
0x00007fff1df10000 - 0x00007fff1df27000 	C:\WINDOWS\SYSTEM32\dhcpcsvc6.DLL
0x00007fff1def0000 - 0x00007fff1df0d000 	C:\WINDOWS\SYSTEM32\dhcpcsvc.DLL
0x00007fff23580000 - 0x00007fff2364a000 	C:\WINDOWS\SYSTEM32\DNSAPI.dll
0x00007ffefca20000 - 0x00007ffefca65000 	C:\Users\milli\AppData\Local\Temp\jna-103899085\jna14424394172017626182.dll
0x00007fff24ae0000 - 0x00007fff24ae8000 	C:\WINDOWS\System32\PSAPI.DLL
0x00007fff1e1a0000 - 0x00007fff1e1a9000 	C:\Users\milli\.vscode\extensions\redhat.java-1.28.1-win32-x64\jre\17.0.10-win32-x86_64\bin\extnet.dll
0x00007fff201f0000 - 0x00007fff201fe000 	C:\Users\milli\.vscode\extensions\redhat.java-1.28.1-win32-x64\jre\17.0.10-win32-x86_64\bin\sunmscapi.dll
0x00007fff246f0000 - 0x00007fff2484d000 	C:\WINDOWS\System32\CRYPT32.dll
0x00007fff23ba0000 - 0x00007fff23bc8000 	C:\WINDOWS\SYSTEM32\ncrypt.dll
0x00007fff23b60000 - 0x00007fff23b9b000 	C:\WINDOWS\SYSTEM32\NTASN1.dll
0x00007fff1fd30000 - 0x00007fff1fd37000 	C:\WINDOWS\system32\wshunix.dll
0x000000006c6d0000 - 0x000000006c6f6000 	C:\Program Files\Bonjour\mdnsNSP.dll
0x00007fff1c250000 - 0x00007fff1c25a000 	C:\Windows\System32\rasadhlp.dll
0x00007fff1a5b0000 - 0x00007fff1a630000 	C:\WINDOWS\System32\fwpuclnt.dll

dbghelp: loaded successfully - version: 4.0.5 - missing functions: none
symbol engine: initialized successfully - sym options: 0x614 - pdb path: .;c:\Users\milli\.vscode\extensions\redhat.java-1.28.1-win32-x64\jre\17.0.10-win32-x86_64\bin;C:\WINDOWS\SYSTEM32;C:\WINDOWS\WinSxS\amd64_microsoft.windows.common-controls_6595b64144ccf1df_6.0.19041.3636_none_60b6a03d71f818d5;c:\Users\milli\.vscode\extensions\redhat.java-1.28.1-win32-x64\jre\17.0.10-win32-x86_64\bin\server;C:\Users\milli\AppData\Roaming\Code\User\globalStorage\redhat.java\1.28.1\config_win\org.eclipse.equinox.launcher\org.eclipse.equinox.launcher.win32.win32.x86_64_1.2.900.v20240129-1338;C:\Users\milli\AppData\Local\Temp\jna-103899085;C:\Program Files\Bonjour

VM Arguments:
jvm_args: --add-modules=ALL-SYSTEM --add-opens=java.base/java.util=ALL-UNNAMED --add-opens=java.base/java.lang=ALL-UNNAMED --add-opens=java.base/sun.nio.fs=ALL-UNNAMED -Declipse.application=org.eclipse.jdt.ls.core.id1 -Dosgi.bundles.defaultStartLevel=4 -Declipse.product=org.eclipse.jdt.ls.core.product -Djava.import.generatesMetadataFilesAtProjectRoot=false -DDetectVMInstallationsJob.disabled=true -Dfile.encoding=utf8 -XX:+UseParallelGC -XX:GCTimeRatio=4 -XX:AdaptiveSizePolicyWeight=90 -Dsun.zip.disableMemoryMapping=true -Xmx1G -Xms100m -Xlog:disable -javaagent:c:\Users\milli\.vscode\extensions\redhat.java-1.28.1-win32-x64\lombok\lombok-1.18.31.jar -XX:+HeapDumpOnOutOfMemoryError -XX:HeapDumpPath=c:\Users\milli\AppData\Roaming\Code\User\workspaceStorage\26c5a6e2858fb33b98fecaad0334208c\redhat.java -Daether.dependencyCollector.impl=bf 
java_command: c:\Users\milli\.vscode\extensions\redhat.java-1.28.1-win32-x64\server\plugins\org.eclipse.equinox.launcher_1.6.700.v20231214-2017.jar -configuration c:\Users\milli\AppData\Roaming\Code\User\globalStorage\redhat.java\1.28.1\config_win -data c:\Users\milli\AppData\Roaming\Code\User\workspaceStorage\26c5a6e2858fb33b98fecaad0334208c\redhat.java\jdt_ws --stdio
java_class_path (initial): c:\Users\milli\.vscode\extensions\redhat.java-1.28.1-win32-x64\server\plugins\org.eclipse.equinox.launcher_1.6.700.v20231214-2017.jar
Launcher Type: SUN_STANDARD

[Global flags]
    uintx AdaptiveSizePolicyWeight                 = 90                                        {product} {command line}
     intx CICompilerCount                          = 15                                        {product} {ergonomic}
    uintx GCTimeRatio                              = 4                                         {product} {command line}
     bool HeapDumpOnOutOfMemoryError               = true                                   {manageable} {command line}
    ccstr HeapDumpPath                             = c:\Users\milli\AppData\Roaming\Code\User\workspaceStorage\26c5a6e2858fb33b98fecaad0334208c\redhat.java         {manageable} {command line}
   size_t InitialHeapSize                          = 104857600                                 {product} {command line}
   size_t MaxHeapSize                              = 1073741824                                {product} {command line}
   size_t MaxNewSize                               = 357564416                                 {product} {ergonomic}
   size_t MinHeapDeltaBytes                        = 524288                                    {product} {ergonomic}
   size_t MinHeapSize                              = 104857600                                 {product} {command line}
   size_t NewSize                                  = 34603008                                  {product} {ergonomic}
    uintx NonNMethodCodeHeapSize                   = 8192380                                {pd product} {ergonomic}
    uintx NonProfiledCodeHeapSize                  = 121732930                              {pd product} {ergonomic}
   size_t OldSize                                  = 70254592                                  {product} {ergonomic}
    uintx ProfiledCodeHeapSize                     = 121732930                              {pd product} {ergonomic}
    uintx ReservedCodeCacheSize                    = 251658240                              {pd product} {ergonomic}
     bool SegmentedCodeCache                       = true                                      {product} {ergonomic}
   size_t SoftMaxHeapSize                          = 1073741824                             {manageable} {ergonomic}
     bool UseCompressedClassPointers               = true                           {product lp64_product} {ergonomic}
     bool UseCompressedOops                        = true                           {product lp64_product} {ergonomic}
     bool UseLargePagesIndividualAllocation        = false                                  {pd product} {ergonomic}
     bool UseParallelGC                            = true                                      {product} {command line}

Logging:
Log output configuration:
 #0: stdout all=off uptime,level,tags
 #1: stderr all=off uptime,level,tags

Environment Variables:
PATH=C:\Program Files\Common Files\Oracle\Java\javapath;D:\vm\bin\;C:\Program Files (x86)\Common Files\Oracle\Java\javapath;C:\Windows\system32;C:\Windows;C:\Windows\System32\Wbem;C:\Windows\System32\WindowsPowerShell\v1.0\;C:\Windows\System32\OpenSSH\;C:\WINDOWS\system32;C:\WINDOWS;C:\WINDOWS\System32\Wbem;C:\WINDOWS\System32\WindowsPowerShell\v1.0\;C:\WINDOWS\System32\OpenSSH\;C:\Program Files\PuTTY\;C:\Program Files (x86)\NVIDIA Corporation\PhysX\Common;C:\Program Files\Git\cmd;C:\Users\milli\AppData\Local\Microsoft\WindowsApps;C:\Users\milli\AppData\Local\atom\bin;C:\Users\milli\AppData\Local\Programs\Microsoft VS Code\bin;C:\Users\milli\AppData\Local\GitHubDesktop\bin
USERNAME=milli
OS=Windows_NT
PROCESSOR_IDENTIFIER=AMD64 Family 25 Model 97 Stepping 2, AuthenticAMD
TMP=C:\Users\milli\AppData\Local\Temp
TEMP=C:\Users\milli\AppData\Local\Temp



Periodic native trim disabled


---------------  S Y S T E M  ---------------

OS:
 Windows 10 , 64 bit Build 19041 (10.0.19041.3636)
OS uptime: 0 days 5:46 hours

CPU: total 32 (initial active 32) (32 cores per cpu, 2 threads per core) family 25 model 97 stepping 2 microcode 0x0, cx8, cmov, fxsr, ht, mmx, 3dnowpref, sse, sse2, sse3, ssse3, sse4a, sse4.1, sse4.2, popcnt, lzcnt, tsc, tscinvbit, avx, avx2, aes, erms, clmul, bmi1, bmi2, adx, avx512f, avx512dq, avx512cd, avx512bw, avx512vl, sha, fma, vzeroupper, avx512_vpopcntdq, avx512_vpclmulqdq, avx512_vaes, avx512_vnni, clflush, clflushopt, avx512_vbmi2, avx512_vbmi
Processor Information for all 32 processors :
  Max Mhz: 4201, Current Mhz: 4201, Mhz Limit: 4201

Memory: 4k page, system-wide physical 31894M (15908M free)
TotalPageFile size 36502M (AvailPageFile size 13822M)
current process WorkingSet (physical memory assigned to process): 652M, peak: 937M
current process commit charge ("private bytes"): 579M, peak: 1015M

vm_info: OpenJDK 64-Bit Server VM (17.0.10+7) for windows-amd64 JRE (17.0.10+7), built on Jan 16 2024 23:25:11 by "admin" with MS VC++ 16.10 / 16.11 (VS2019)

END.
